0 info it worked if it ends with ok
1 verbose cli [ 'C:\\Program Files\\nodejs\\node.exe',
1 verbose cli   'C:\\Program Files\\nodejs\\node_modules\\npm\\bin\\npm-cli.js',
1 verbose cli   'run',
1 verbose cli   'test' ]
2 info using npm@3.10.10
3 info using node@v6.11.1
4 verbose run-script [ 'pretest', 'test', 'posttest' ]
5 info lifecycle cloudinary@1.9.0~pretest: cloudinary@1.9.0
6 verbose lifecycle cloudinary@1.9.0~pretest: unsafe-perm in lifecycle true
7 verbose lifecycle cloudinary@1.9.0~pretest: PATH: C:\Program Files\nodejs\node_modules\npm\bin\node-gyp-bin;D:\www\cloudinary\cloudinary_npm\node_modules\.bin;C:\WINDOWS\system32;C:\WINDOWS;C:\WINDOWS\System32\Wbem;C:\WINDOWS\System32\WindowsPowerShell\v1.0\;C:\Program Files\TortoiseSVN\bin;C:\Windows\CCM;C:\Program Files (x86)\Skype\Phone\;C:\Program Files\Git\cmd;C:\Program Files\nodejs\;C:\Program Files\GeosurfVPN\bin;C:\Program Files (x86)\Windows Kits\8.1\Windows Performance Toolkit\;C:\Program Files\MySQL\MySQL Utilities 1.6\;C:\Users\Anton.Philin\.windows-build-tools\python27\;C:\Program Files\nodejs\node_modules\npm\bin\node-gyp-bin;C:\Users\Anton.Philin\AppData\Roaming\npm\node_modules\windows-build-tools\node_modules\.bin;C:\Users\Anton.Philin\AppData\Roaming\npm\node_modules\.bin;C:\WINDOWS\system32\WindowsPowerShell\v1.0\;C:\WINDOWS\system32;C:\WINDOWS;C:\WINDOWS\System32\Wbem;C:\WINDOWS\System32\WindowsPowerShell\v1.0\;C:\Program Files\TortoiseSVN\bin;C:\Windows\CCM;C:\Program Files (x86)\Skype\Phone\;C:\Program Files\Git\cmd;C:\Program Files\nodejs\;C:\Program Files\GeosurfVPN\bin;;C:\Program Files (x86)\Microsoft VS Code\bin;C:\Users\Anton.Philin\AppData\Roaming\npm;C:\Program Files\MySQL\MySQL Server 5.7\bin;C:\Program Files\MongoDB\Server\3.4\bin
8 verbose lifecycle cloudinary@1.9.0~pretest: CWD: D:\www\cloudinary\cloudinary_npm
9 silly lifecycle cloudinary@1.9.0~pretest: Args: [ '/d /s /c', 'npm run compile' ]
10 silly lifecycle cloudinary@1.9.0~pretest: Returned: code: 0  signal: null
11 info lifecycle cloudinary@1.9.0~test: cloudinary@1.9.0
12 verbose lifecycle cloudinary@1.9.0~test: unsafe-perm in lifecycle true
13 verbose lifecycle cloudinary@1.9.0~test: PATH: C:\Program Files\nodejs\node_modules\npm\bin\node-gyp-bin;D:\www\cloudinary\cloudinary_npm\node_modules\.bin;C:\WINDOWS\system32;C:\WINDOWS;C:\WINDOWS\System32\Wbem;C:\WINDOWS\System32\WindowsPowerShell\v1.0\;C:\Program Files\TortoiseSVN\bin;C:\Windows\CCM;C:\Program Files (x86)\Skype\Phone\;C:\Program Files\Git\cmd;C:\Program Files\nodejs\;C:\Program Files\GeosurfVPN\bin;C:\Program Files (x86)\Windows Kits\8.1\Windows Performance Toolkit\;C:\Program Files\MySQL\MySQL Utilities 1.6\;C:\Users\Anton.Philin\.windows-build-tools\python27\;C:\Program Files\nodejs\node_modules\npm\bin\node-gyp-bin;C:\Users\Anton.Philin\AppData\Roaming\npm\node_modules\windows-build-tools\node_modules\.bin;C:\Users\Anton.Philin\AppData\Roaming\npm\node_modules\.bin;C:\WINDOWS\system32\WindowsPowerShell\v1.0\;C:\WINDOWS\system32;C:\WINDOWS;C:\WINDOWS\System32\Wbem;C:\WINDOWS\System32\WindowsPowerShell\v1.0\;C:\Program Files\TortoiseSVN\bin;C:\Windows\CCM;C:\Program Files (x86)\Skype\Phone\;C:\Program Files\Git\cmd;C:\Program Files\nodejs\;C:\Program Files\GeosurfVPN\bin;;C:\Program Files (x86)\Microsoft VS Code\bin;C:\Users\Anton.Philin\AppData\Roaming\npm;C:\Program Files\MySQL\MySQL Server 5.7\bin;C:\Program Files\MongoDB\Server\3.4\bin
14 verbose lifecycle cloudinary@1.9.0~test: CWD: D:\www\cloudinary\cloudinary_npm
15 silly lifecycle cloudinary@1.9.0~test: Args: [ '/d /s /c', 'mocha -R spec --recursive test/' ]
16 silly lifecycle cloudinary@1.9.0~test: Returned: code: 1  signal: null
17 info lifecycle cloudinary@1.9.0~test: Failed to exec test script
18 verbose stack Error: cloudinary@1.9.0 test: `mocha -R spec --recursive test/`
18 verbose stack Exit status 1
18 verbose stack     at EventEmitter.<anonymous> (C:\Program Files\nodejs\node_modules\npm\lib\utils\lifecycle.js:255:16)
18 verbose stack     at emitTwo (events.js:106:13)
18 verbose stack     at EventEmitter.emit (events.js:191:7)
18 verbose stack     at ChildProcess.<anonymous> (C:\Program Files\nodejs\node_modules\npm\lib\utils\spawn.js:40:14)
18 verbose stack     at emitTwo (events.js:106:13)
18 verbose stack     at ChildProcess.emit (events.js:191:7)
18 verbose stack     at maybeClose (internal/child_process.js:891:16)
18 verbose stack     at Process.ChildProcess._handle.onexit (internal/child_process.js:226:5)
19 verbose pkgid cloudinary@1.9.0
20 verbose cwd D:\www\cloudinary\cloudinary_npm
21 error Windows_NT 6.1.7601
22 error argv "C:\\Program Files\\nodejs\\node.exe" "C:\\Program Files\\nodejs\\node_modules\\npm\\bin\\npm-cli.js" "run" "test"
23 error node v6.11.1
24 error npm  v3.10.10
25 error code ELIFECYCLE
26 error cloudinary@1.9.0 test: `mocha -R spec --recursive test/`
26 error Exit status 1
27 error Failed at the cloudinary@1.9.0 test script 'mocha -R spec --recursive test/'.
27 error Make sure you have the latest version of node.js and npm installed.
27 error If you do, this is most likely a problem with the cloudinary package,
27 error not with npm itself.
27 error Tell the author that this fails on your system:
27 error     mocha -R spec --recursive test/
27 error You can get information on how to open an issue for this project with:
27 error     npm bugs cloudinary
27 error Or if that isn't available, you can get their info via:
27 error     npm owner ls cloudinary
27 error There is likely additional logging output above.
28 verbose exit [ 1, true ]
